<?xml version="1.0" encoding="UTF-8"?>
<!-- Generated by org.testng.reporters.JUnitReportReporter -->
<testsuite skipped="0" hostname="D075NADIE" name="theluxurycloset.ReadObjectRepository" tests="1" failures="0" timestamp="01 Aug 2017 10:53:15 GMT" time="48.466" errors="1">
  <testcase name="readObjectToLogin" time="48.466" classname="theluxurycloset.ReadObjectRepository">
    <error type="org.openqa.selenium.NoSuchElementException" message="An element could not be located on the page using the given search parameters. (WARNING: The server did not provide any stacktrace information)
Command duration or timeout: 110 milliseconds
For documentation on this error, please visit: http://seleniumhq.org/exceptions/no_such_element.html
Build info: version: &#039;unknown&#039;, revision: &#039;unknown&#039;, time: &#039;unknown&#039;
System info: host: &#039;D075NADIE&#039;, ip: &#039;10.0.2.74&#039;, os.name: &#039;Windows 10&#039;, os.arch: &#039;amd64&#039;, os.version: &#039;10.0&#039;, java.version: &#039;1.8.0_112&#039;
Driver info: org.openqa.selenium.remote.RemoteWebDriver
Capabilities [{appPackage=com.theluxurycloset.tclapplication.dev, deviceScreenSize=1080x1920, networkConnectionEnabled=true, warnings={}, databaseEnabled=false, deviceName=BX903GED23, platform=LINUX, deviceUDID=BX903GED23, appActivity=com.theluxurycloset.tclapplication.activity.SplashScreen.SplashActivity, desired={appPackage=com.theluxurycloset.tclapplication.dev, appActivity=com.theluxurycloset.tclapplication.activity.SplashScreen.SplashActivity, BROWSER_NAME=Android, VERSION=5.5.1, platformName=Android, deviceName=sony-c6602-BX903GED23}, BROWSER_NAME=Android, platformVersion=5.1.1, webStorageEnabled=false, locationContextEnabled=false, VERSION=5.5.1, takesScreenshot=true, javascriptEnabled=true, deviceModel=C6602, platformName=Android, deviceManufacturer=Sony}]
Session ID: 0eb57a1b-4b93-4415-bf62-de6890da2e6d
*** Element info: {Using=xpath, value=//android.widget.TextView[@text = &#039;Log In&#039;]}">
      <![CDATA[org.openqa.selenium.NoSuchElementException: An element could not be located on the page using the given search parameters. (WARNING: The server did not provide any stacktrace information)
Command duration or timeout: 110 milliseconds
For documentation on this error, please visit: http://seleniumhq.org/exceptions/no_such_element.html
Build info: version: 'unknown', revision: 'unknown', time: 'unknown'
System info: host: 'D075NADIE', ip: '10.0.2.74', os.name: 'Windows 10', os.arch: 'amd64', os.version: '10.0', java.version: '1.8.0_112'
Driver info: org.openqa.selenium.remote.RemoteWebDriver
Capabilities [{appPackage=com.theluxurycloset.tclapplication.dev, deviceScreenSize=1080x1920, networkConnectionEnabled=true, warnings={}, databaseEnabled=false, deviceName=BX903GED23, platform=LINUX, deviceUDID=BX903GED23, appActivity=com.theluxurycloset.tclapplication.activity.SplashScreen.SplashActivity, desired={appPackage=com.theluxurycloset.tclapplication.dev, appActivity=com.theluxurycloset.tclapplication.activity.SplashScreen.SplashActivity, BROWSER_NAME=Android, VERSION=5.5.1, platformName=Android, deviceName=sony-c6602-BX903GED23}, BROWSER_NAME=Android, platformVersion=5.1.1, webStorageEnabled=false, locationContextEnabled=false, VERSION=5.5.1, takesScreenshot=true, javascriptEnabled=true, deviceModel=C6602, platformName=Android, deviceManufacturer=Sony}]
Session ID: 0eb57a1b-4b93-4415-bf62-de6890da2e6d
*** Element info: {Using=xpath, value=//android.widget.TextView[@text = 'Log In']}
	at sun.reflect.NativeConstructorAccessorImpl.newInstance0(Native Method)
	at sun.reflect.NativeConstructorAccessorImpl.newInstance(NativeConstructorAccessorImpl.java:62)
	at sun.reflect.DelegatingConstructorAccessorImpl.newInstance(DelegatingConstructorAccessorImpl.java:45)
	at java.lang.reflect.Constructor.newInstance(Constructor.java:423)
	at org.openqa.selenium.remote.ErrorHandler.createThrowable(ErrorHandler.java:206)
	at org.openqa.selenium.remote.ErrorHandler.throwIfResponseFailed(ErrorHandler.java:158)
	at org.openqa.selenium.remote.RemoteWebDriver.execute(RemoteWebDriver.java:647)
	at org.openqa.selenium.remote.RemoteWebDriver.findElement(RemoteWebDriver.java:353)
	at org.openqa.selenium.remote.RemoteWebDriver.findElementByXPath(RemoteWebDriver.java:490)
	at org.openqa.selenium.By$ByXPath.findElement(By.java:361)
	at org.openqa.selenium.remote.RemoteWebDriver.findElement(RemoteWebDriver.java:345)
	at theluxurycloset.ReadObjectRepository.readObjectToLogin(ReadObjectRepository.java:61)
	at sun.reflect.NativeMethodAccessorImpl.invoke0(Native Method)
	at sun.reflect.NativeMethodAccessorImpl.invoke(NativeMethodAccessorImpl.java:62)
	at sun.reflect.DelegatingMethodAccessorImpl.invoke(DelegatingMethodAccessorImpl.java:43)
	at java.lang.reflect.Method.invoke(Method.java:498)
	at org.testng.internal.MethodInvocationHelper.invokeMethod(MethodInvocationHelper.java:108)
	at org.testng.internal.Invoker.invokeMethod(Invoker.java:661)
	at org.testng.internal.Invoker.invokeTestMethod(Invoker.java:869)
	at org.testng.internal.Invoker.invokeTestMethods(Invoker.java:1193)
	at org.testng.internal.TestMethodWorker.invokeTestMethods(TestMethodWorker.java:126)
	at org.testng.internal.TestMethodWorker.run(TestMethodWorker.java:109)
	at org.testng.TestRunner.privateRun(TestRunner.java:744)
	at org.testng.TestRunner.run(TestRunner.java:602)
	at org.testng.SuiteRunner.runTest(SuiteRunner.java:380)
	at org.testng.SuiteRunner.runSequentially(SuiteRunner.java:375)
	at org.testng.SuiteRunner.privateRun(SuiteRunner.java:340)
	at org.testng.SuiteRunner.run(SuiteRunner.java:289)
	at org.testng.SuiteRunnerWorker.runSuite(SuiteRunnerWorker.java:52)
	at org.testng.SuiteRunnerWorker.run(SuiteRunnerWorker.java:86)
	at org.testng.TestNG.runSuitesSequentially(TestNG.java:1301)
	at org.testng.TestNG.runSuitesLocally(TestNG.java:1226)
	at org.testng.TestNG.runSuites(TestNG.java:1144)
	at org.testng.TestNG.run(TestNG.java:1115)
	at org.testng.remote.AbstractRemoteTestNG.run(AbstractRemoteTestNG.java:132)
	at org.testng.remote.RemoteTestNG.initAndRun(RemoteTestNG.java:230)
	at org.testng.remote.RemoteTestNG.main(RemoteTestNG.java:76)
]]>
    </error>
  </testcase> <!-- readObjectToLogin -->
</testsuite> <!-- theluxurycloset.ReadObjectRepository -->
